<?xml version="1.0" encoding="UTF-8"?>
<testsuite xmlns:xsi="http://www.w3.org/2001/XMLSchema-instance" xsi:noNamespaceSchemaLocation="https://maven.apache.org/surefire/maven-surefire-plugin/xsd/surefire-test-report-3.0.xsd" version="3.0" name="uy.edu.curso.GestorDeOrganosTest" time="0.029" tests="12" errors="0" skipped="0" failures="0">
  <properties>
[...]
</properties>
  <testcase name="buscarOrganoPorId_ok" classname="uy.edu.curso.GestorDeOrganosTest" time="0.004"/>
  <testcase name="buscarPorSangre_ok" classname="uy.edu.curso.GestorDeOrganosTest" time="0.002"/>
  <testcase name="buscarOrganoPorId_null" classname="uy.edu.curso.GestorDeOrganosTest" time="0.001"/>
  <testcase name="listarOrganos_ok" classname="uy.edu.curso.GestorDeOrganosTest" time="0.001"/>
  <testcase name="eliminarOrgano_inexistente" classname="uy.edu.curso.GestorDeOrganosTest" time="0.0"/>
  <testcase name="buscarPorNombre_dos" classname="uy.edu.curso.GestorDeOrganosTest" time="0.0"/>
  <testcase name="buscarPorSangre_dos" classname="uy.edu.curso.GestorDeOrganosTest" time="0.0"/>
  <testcase name="registrarOrgano_varios" classname="uy.edu.curso.GestorDeOrganosTest" time="0.002"/>
  <testcase name="registrarOrgano_ok" classname="uy.edu.curso.GestorDeOrganosTest" time="0.001"/>
  <testcase name="listarOrganos_vacio" classname="uy.edu.curso.GestorDeOrganosTest" time="0.001"/>
  <testcase name="buscarPorNombre_ok" classname="uy.edu.curso.GestorDeOrganosTest" time="0.002"/>
  <testcase name="eliminarOrgano_ok" classname="uy.edu.curso.GestorDeOrganosTest" time="0.001"/>
</testsuite>