<?xml version="1.0" encoding="UTF-8"?>
<testsuite xmlns:xsi="http://www.w3.org/2001/XMLSchema-instance" xsi:noNamespaceSchemaLocation="https://maven.apache.org/surefire/maven-surefire-plugin/xsd/surefire-test-report-3.0.xsd" version="3.0" name="uy.edu.curso.OrganoTest" time="0.006" tests="2" errors="0" skipped="0" failures="0">
  <properties>
[...]
</properties>
  <testcase name="setTipoDeSangre_organoCreadoYTipoDeSangreCorrecto_organoConElNuevoTipoDeSangreAsignado" classname="uy.edu.curso.OrganoTest" time="0.001">
    <system-out><![CDATA[Inicializando los tests. . .
]]></system-out>
  </testcase>
  <testcase name="setNombre_organoCreadoYNombreCorrecto_organoConElNuevoNombreAsignado" classname="uy.edu.curso.OrganoTest" time="0.001"/>
</testsuite>